# JRE version: Java(TM) SE Runtime Environment (8.0_151-b12) (build 1.8.0_151-b12)
# Java VM: Java HotSpot(TM) 64-Bit Server VM (25.151-b12 mixed mode linux-amd64 compressed oops)
Heap:
 PSYoungGen      total 302080K, used 301632K [0x00000000ebe00000, 0x00000000ff080000, 0x0000000100000000)
  eden space 301568K, 100% used [0x00000000ebe00000,0x00000000fe480000,0x00000000fe480000)
  from space 512K, 12% used [0x00000000ff000000,0x00000000ff010000,0x00000000ff080000)
  to   space 5120K, 2% used [0x00000000fe680000,0x00000000fe6a0000,0x00000000feb80000)
 ParOldGen       total 177664K, used 84451K [0x00000000c3a00000, 0x00000000ce780000, 0x00000000ebe00000)
  object space 177664K, 47% used [0x00000000c3a00000,0x00000000c8c78d20,0x00000000ce780000)
 Metaspace       used 13329K, capacity 13532K, committed 13824K, reserved 1060864K
  class space    used 1602K, capacity 1683K, committed 1792K, reserved 1048576K
GC Heap History (10 events):
Event: 9.863 GC heap after
Heap after GC invocations=10 (full 1):
 PSYoungGen      total 207872K, used 64K [0x00000000ebe00000, 0x00000000fce00000, 0x0000000100000000)
  eden space 202240K, 0% used [0x00000000ebe00000,0x00000000ebe00000,0x00000000f8380000)
  from space 5632K, 1% used [0x00000000f8380000,0x00000000f8390000,0x00000000f8900000)
  to   space 5120K, 0% used [0x00000000fc900000,0x00000000fc900000,0x00000000fce00000)
 ParOldGen       total 104960K, used 63944K [0x00000000c3a00000, 0x00000000ca080000, 0x00000000ebe00000)
  object space 104960K, 60% used [0x00000000c3a00000,0x00000000c7872198,0x00000000ca080000)
 Metaspace       used 13277K, capacity 13468K, committed 13824K, reserved 1060864K
  class space    used 1602K, capacity 1683K, committed 1792K, reserved 1048576K
}
Event: 11.703 GC heap before
{Heap before GC invocations=11 (full 1):
 PSYoungGen      total 207872K, used 202304K [0x00000000ebe00000, 0x00000000fce00000, 0x0000000100000000)
  eden space 202240K, 100% used [0x00000000ebe00000,0x00000000f8380000,0x00000000f8380000)
  from space 5632K, 1% used [0x00000000f8380000,0x00000000f8390000,0x00000000f8900000)
  to   space 5120K, 0% used [0x00000000fc900000,0x00000000fc900000,0x00000000fce00000)
 ParOldGen       total 104960K, used 63944K [0x00000000c3a00000, 0x00000000ca080000, 0x00000000ebe00000)
  object space 104960K, 60% used [0x00000000c3a00000,0x00000000c7872198,0x00000000ca080000)
 Metaspace       used 13279K, capacity 13468K, committed 13824K, reserved 1060864K
  class space    used 1602K, capacity 1683K, committed 1792K, reserved 1048576K
Event: 11.894 GC heap after
Heap after GC invocations=11 (full 1):
 PSYoungGen      total 273408K, used 64K [0x00000000ebe00000, 0x00000000fd780000, 0x0000000100000000)
  eden space 268288K, 0% used [0x00000000ebe00000,0x00000000ebe00000,0x00000000fc400000)
  from space 5120K, 1% used [0x00000000fc900000,0x00000000fc910000,0x00000000fce00000)
  to   space 5120K, 0% used [0x00000000fc400000,0x00000000fc400000,0x00000000fc900000)
 ParOldGen       total 187392K, used 145872K [0x00000000c3a00000, 0x00000000cf100000, 0x00000000ebe00000)
  object space 187392K, 77% used [0x00000000c3a00000,0x00000000cc8741a8,0x00000000cf100000)
 Metaspace       used 13279K, capacity 13468K, committed 13824K, reserved 1060864K
  class space    used 1602K, capacity 1683K, committed 1792K, reserved 1048576K
}
Event: 11.894 GC heap before
{Heap before GC invocations=12 (full 2):
 PSYoungGen      total 273408K, used 64K [0x00000000ebe00000, 0x00000000fd780000, 0x0000000100000000)
  eden space 268288K, 0% used [0x00000000ebe00000,0x00000000ebe00000,0x00000000fc400000)
  from space 5120K, 1% used [0x00000000fc900000,0x00000000fc910000,0x00000000fce00000)
  to   space 5120K, 0% used [0x00000000fc400000,0x00000000fc400000,0x00000000fc900000)
 ParOldGen       total 187392K, used 145872K [0x00000000c3a00000, 0x00000000cf100000, 0x00000000ebe00000)
  object space 187392K, 77% used [0x00000000c3a00000,0x00000000cc8741a8,0x00000000cf100000)
 Metaspace       used 13279K, capacity 13468K, committed 13824K, reserved 1060864K
  class space    used 1602K, capacity 1683K, committed 1792K, reserved 1048576K
Event: 13.927 GC heap after
Heap after GC invocations=12 (full 2):
 PSYoungGen      total 273408K, used 0K [0x00000000ebe00000, 0x00000000fd780000, 0x0000000100000000)
  eden space 268288K, 0% used [0x00000000ebe00000,0x00000000ebe00000,0x00000000fc400000)
  from space 5120K, 0% used [0x00000000fc900000,0x00000000fc900000,0x00000000fce00000)
  to   space 5120K, 0% used [0x00000000fc400000,0x00000000fc400000,0x00000000fc900000)
 ParOldGen       total 177664K, used 84427K [0x00000000c3a00000, 0x00000000ce780000, 0x00000000ebe00000)
  object space 177664K, 47% used [0x00000000c3a00000,0x00000000c8c72d20,0x00000000ce780000)
 Metaspace       used 13279K, capacity 13468K, committed 13824K, reserved 1060864K
  class space    used 1602K, capacity 1683K, committed 1792K, reserved 1048576K
}
Event: 17.815 GC heap before
{Heap before GC invocations=13 (full 2):
 PSYoungGen      total 273408K, used 268288K [0x00000000ebe00000, 0x00000000fd780000, 0x0000000100000000)
  eden space 268288K, 100% used [0x00000000ebe00000,0x00000000fc400000,0x00000000fc400000)
  from space 5120K, 0% used [0x00000000fc900000,0x00000000fc900000,0x00000000fce00000)
  to   space 5120K, 0% used [0x00000000fc400000,0x00000000fc400000,0x00000000fc900000)
 ParOldGen       total 177664K, used 84427K [0x00000000c3a00000, 0x00000000ce780000, 0x00000000ebe00000)
  object space 177664K, 47% used [0x00000000c3a00000,0x00000000c8c72d20,0x00000000ce780000)
 Metaspace       used 13300K, capacity 13532K, committed 13824K, reserved 1060864K
  class space    used 1602K, capacity 1683K, committed 1792K, reserved 1048576K
Event: 17.843 GC heap after
Heap after GC invocations=13 (full 2):
 PSYoungGen      total 273408K, used 96K [0x00000000ebe00000, 0x00000000ff500000, 0x0000000100000000)
  eden space 268288K, 0% used [0x00000000ebe00000,0x00000000ebe00000,0x00000000fc400000)
  from space 5120K, 1% used [0x00000000fc400000,0x00000000fc418000,0x00000000fc900000)
  to   space 5120K, 0% used [0x00000000ff000000,0x00000000ff000000,0x00000000ff500000)
 ParOldGen       total 177664K, used 84435K [0x00000000c3a00000, 0x00000000ce780000, 0x00000000ebe00000)
  object space 177664K, 47% used [0x00000000c3a00000,0x00000000c8c74d20,0x00000000ce780000)
 Metaspace       used 13300K, capacity 13532K, committed 13824K, reserved 1060864K
  class space    used 1602K, capacity 1683K, committed 1792K, reserved 1048576K
}
Event: 21.787 GC heap before
{Heap before GC invocations=14 (full 2):
 PSYoungGen      total 273408K, used 268384K [0x00000000ebe00000, 0x00000000ff500000, 0x0000000100000000)
  eden space 268288K, 100% used [0x00000000ebe00000,0x00000000fc400000,0x00000000fc400000)
  from space 5120K, 1% used [0x00000000fc400000,0x00000000fc418000,0x00000000fc900000)
  to   space 5120K, 0% used [0x00000000ff000000,0x00000000ff000000,0x00000000ff500000)
 ParOldGen       total 177664K, used 84435K [0x00000000c3a00000, 0x00000000ce780000, 0x00000000ebe00000)
  object space 177664K, 47% used [0x00000000c3a00000,0x00000000c8c74d20,0x00000000ce780000)
 Metaspace       used 13325K, capacity 13532K, committed 13824K, reserved 1060864K
  class space    used 1602K, capacity 1683K, committed 1792K, reserved 1048576K
Event: 21.813 GC heap after
Heap after GC invocations=14 (full 2):
 PSYoungGen      total 302080K, used 64K [0x00000000ebe00000, 0x00000000ff080000, 0x0000000100000000)
  eden space 301568K, 0% used [0x00000000ebe00000,0x00000000ebe00000,0x00000000fe480000)
  from space 512K, 12% used [0x00000000ff000000,0x00000000ff010000,0x00000000ff080000)
  to   space 5120K, 0% used [0x00000000fe680000,0x00000000fe680000,0x00000000feb80000)
 ParOldGen       total 177664K, used 84443K [0x00000000c3a00000, 0x00000000ce780000, 0x00000000ebe00000)
  object space 177664K, 47% used [0x00000000c3a00000,0x00000000c8c76d20,0x00000000ce780000)
 Metaspace       used 13325K, capacity 13532K, committed 13824K, reserved 1060864K
  class space    used 1602K, capacity 1683K, committed 1792K, reserved 1048576K
}
Event: 23.809 GC heap before
{Heap before GC invocations=15 (full 2):
 PSYoungGen      total 302080K, used 301632K [0x00000000ebe00000, 0x00000000ff080000, 0x0000000100000000)
  eden space 301568K, 100% used [0x00000000ebe00000,0x00000000fe480000,0x00000000fe480000)
  from space 512K, 12% used [0x00000000ff000000,0x00000000ff010000,0x00000000ff080000)
  to   space 5120K, 0% used [0x00000000fe680000,0x00000000fe680000,0x00000000feb80000)
 ParOldGen       total 177664K, used 84443K [0x00000000c3a00000, 0x00000000ce780000, 0x00000000ebe00000)
  object space 177664K, 47% used [0x00000000c3a00000,0x00000000c8c76d20,0x00000000ce780000)
 Metaspace       used 13329K, capacity 13532K, committed 13824K, reserved 1060864K
  class space    used 1602K, capacity 1683K, committed 1792K, reserved 1048576K

