# JRE version: Java(TM) SE Runtime Environment (8.0_151-b12) (build 1.8.0_151-b12)
# Java VM: Java HotSpot(TM) 64-Bit Server VM (25.151-b12 mixed mode linux-amd64 compressed oops)
Heap:
 PSYoungGen      total 295936K, used 286030K [0x00000000ebe00000, 0x00000000fe400000, 0x0000000100000000)
  eden space 292864K, 97% used [0x00000000ebe00000,0x00000000fd53ba40,0x00000000fdc00000)
  from space 3072K, 3% used [0x00000000fdf00000,0x00000000fdf18000,0x00000000fe200000)
  to   space 3072K, 0% used [0x00000000fdc00000,0x00000000fdc00000,0x00000000fdf00000)
 ParOldGen       total 308736K, used 166344K [0x00000000c3a00000, 0x00000000d6780000, 0x00000000ebe00000)
  object space 308736K, 53% used [0x00000000c3a00000,0x00000000cdc723e8,0x00000000d6780000)
 Metaspace       used 13382K, capacity 13604K, committed 13824K, reserved 1060864K
  class space    used 1596K, capacity 1683K, committed 1792K, reserved 1048576K
GC Heap History (10 events):
Event: 23.438 GC heap before
{Heap before GC invocations=19 (full 3):
 PSYoungGen      total 223232K, used 64K [0x00000000ebe00000, 0x00000000fc900000, 0x0000000100000000)
  eden space 219648K, 0% used [0x00000000ebe00000,0x00000000ebe00000,0x00000000f9480000)
  from space 3584K, 1% used [0x00000000f9800000,0x00000000f9810000,0x00000000f9b80000)
  to   space 3584K, 0% used [0x00000000f9480000,0x00000000f9480000,0x00000000f9800000)
 ParOldGen       total 363008K, used 289233K [0x00000000c3a00000, 0x00000000d9c80000, 0x00000000ebe00000)
  object space 363008K, 79% used [0x00000000c3a00000,0x00000000d54744b0,0x00000000d9c80000)
 Metaspace       used 13234K, capacity 13476K, committed 13824K, reserved 1060864K
  class space    used 1594K, capacity 1683K, committed 1792K, reserved 1048576K
Event: 27.740 GC heap after
Heap after GC invocations=19 (full 3):
 PSYoungGen      total 223232K, used 0K [0x00000000ebe00000, 0x00000000fc900000, 0x0000000100000000)
  eden space 219648K, 0% used [0x00000000ebe00000,0x00000000ebe00000,0x00000000f9480000)
  from space 3584K, 0% used [0x00000000f9800000,0x00000000f9800000,0x00000000f9b80000)
  to   space 3584K, 0% used [0x00000000f9480000,0x00000000f9480000,0x00000000f9800000)
 ParOldGen       total 308736K, used 166336K [0x00000000c3a00000, 0x00000000d6780000, 0x00000000ebe00000)
  object space 308736K, 53% used [0x00000000c3a00000,0x00000000cdc703e8,0x00000000d6780000)
 Metaspace       used 13234K, capacity 13476K, committed 13824K, reserved 1060864K
  class space    used 1594K, capacity 1683K, committed 1792K, reserved 1048576K
}
Event: 32.044 GC heap before
{Heap before GC invocations=20 (full 3):
 PSYoungGen      total 223232K, used 219648K [0x00000000ebe00000, 0x00000000fc900000, 0x0000000100000000)
  eden space 219648K, 100% used [0x00000000ebe00000,0x00000000f9480000,0x00000000f9480000)
  from space 3584K, 0% used [0x00000000f9800000,0x00000000f9800000,0x00000000f9b80000)
  to   space 3584K, 0% used [0x00000000f9480000,0x00000000f9480000,0x00000000f9800000)
 ParOldGen       total 308736K, used 166336K [0x00000000c3a00000, 0x00000000d6780000, 0x00000000ebe00000)
  object space 308736K, 53% used [0x00000000c3a00000,0x00000000cdc703e8,0x00000000d6780000)
 Metaspace       used 13265K, capacity 13476K, committed 13824K, reserved 1060864K
  class space    used 1594K, capacity 1683K, committed 1792K, reserved 1048576K
Event: 32.163 GC heap after
Heap after GC invocations=20 (full 3):
 PSYoungGen      total 223232K, used 64K [0x00000000ebe00000, 0x00000000fbf00000, 0x0000000100000000)
  eden space 219648K, 0% used [0x00000000ebe00000,0x00000000ebe00000,0x00000000f9480000)
  from space 3584K, 1% used [0x00000000f9480000,0x00000000f9490000,0x00000000f9800000)
  to   space 3584K, 0% used [0x00000000fbb80000,0x00000000fbb80000,0x00000000fbf00000)
 ParOldGen       total 308736K, used 166336K [0x00000000c3a00000, 0x00000000d6780000, 0x00000000ebe00000)
  object space 308736K, 53% used [0x00000000c3a00000,0x00000000cdc703e8,0x00000000d6780000)
 Metaspace       used 13265K, capacity 13476K, committed 13824K, reserved 1060864K
  class space    used 1594K, capacity 1683K, committed 1792K, reserved 1048576K
}
Event: 36.365 GC heap before
{Heap before GC invocations=21 (full 3):
 PSYoungGen      total 223232K, used 219712K [0x00000000ebe00000, 0x00000000fbf00000, 0x0000000100000000)
  eden space 219648K, 100% used [0x00000000ebe00000,0x00000000f9480000,0x00000000f9480000)
  from space 3584K, 1% used [0x00000000f9480000,0x00000000f9490000,0x00000000f9800000)
  to   space 3584K, 0% used [0x00000000fbb80000,0x00000000fbb80000,0x00000000fbf00000)
 ParOldGen       total 308736K, used 166336K [0x00000000c3a00000, 0x00000000d6780000, 0x00000000ebe00000)
  object space 308736K, 53% used [0x00000000c3a00000,0x00000000cdc703e8,0x00000000d6780000)
 Metaspace       used 13265K, capacity 13476K, committed 13824K, reserved 1060864K
  class space    used 1594K, capacity 1683K, committed 1792K, reserved 1048576K
Event: 36.929 GC heap after
Heap after GC invocations=21 (full 3):
 PSYoungGen      total 259584K, used 64K [0x00000000ebe00000, 0x00000000fbf80000, 0x0000000100000000)
  eden space 256000K, 0% used [0x00000000ebe00000,0x00000000ebe00000,0x00000000fb800000)
  from space 3584K, 1% used [0x00000000fbb80000,0x00000000fbb90000,0x00000000fbf00000)
  to   space 3584K, 0% used [0x00000000fb800000,0x00000000fb800000,0x00000000fbb80000)
 ParOldGen       total 308736K, used 166336K [0x00000000c3a00000, 0x00000000d6780000, 0x00000000ebe00000)
  object space 308736K, 53% used [0x00000000c3a00000,0x00000000cdc703e8,0x00000000d6780000)
 Metaspace       used 13265K, capacity 13476K, committed 13824K, reserved 1060864K
  class space    used 1594K, capacity 1683K, committed 1792K, reserved 1048576K
}
Event: 41.735 GC heap before
{Heap before GC invocations=22 (full 3):
 PSYoungGen      total 259584K, used 256064K [0x00000000ebe00000, 0x00000000fbf80000, 0x0000000100000000)
  eden space 256000K, 100% used [0x00000000ebe00000,0x00000000fb800000,0x00000000fb800000)
  from space 3584K, 1% used [0x00000000fbb80000,0x00000000fbb90000,0x00000000fbf00000)
  to   space 3584K, 0% used [0x00000000fb800000,0x00000000fb800000,0x00000000fbb80000)
 ParOldGen       total 308736K, used 166336K [0x00000000c3a00000, 0x00000000d6780000, 0x00000000ebe00000)
  object space 308736K, 53% used [0x00000000c3a00000,0x00000000cdc703e8,0x00000000d6780000)
 Metaspace       used 13293K, capacity 13540K, committed 13824K, reserved 1060864K
  class space    used 1595K, capacity 1683K, committed 1792K, reserved 1048576K
Event: 41.855 GC heap after
Heap after GC invocations=22 (full 3):
 PSYoungGen      total 259584K, used 96K [0x00000000ebe00000, 0x00000000fe200000, 0x0000000100000000)
  eden space 256000K, 0% used [0x00000000ebe00000,0x00000000ebe00000,0x00000000fb800000)
  from space 3584K, 2% used [0x00000000fb800000,0x00000000fb818000,0x00000000fbb80000)
  to   space 3072K, 0% used [0x00000000fdf00000,0x00000000fdf00000,0x00000000fe200000)
 ParOldGen       total 308736K, used 166344K [0x00000000c3a00000, 0x00000000d6780000, 0x00000000ebe00000)
  object space 308736K, 53% used [0x00000000c3a00000,0x00000000cdc723e8,0x00000000d6780000)
 Metaspace       used 13293K, capacity 13540K, committed 13824K, reserved 1060864K
  class space    used 1595K, capacity 1683K, committed 1792K, reserved 1048576K
}
Event: 49.345 GC heap before
{Heap before GC invocations=23 (full 3):
 PSYoungGen      total 259584K, used 256096K [0x00000000ebe00000, 0x00000000fe200000, 0x0000000100000000)
  eden space 256000K, 100% used [0x00000000ebe00000,0x00000000fb800000,0x00000000fb800000)
  from space 3584K, 2% used [0x00000000fb800000,0x00000000fb818000,0x00000000fbb80000)
  to   space 3072K, 0% used [0x00000000fdf00000,0x00000000fdf00000,0x00000000fe200000)
 ParOldGen       total 308736K, used 166344K [0x00000000c3a00000, 0x00000000d6780000, 0x00000000ebe00000)
  object space 308736K, 53% used [0x00000000c3a00000,0x00000000cdc723e8,0x00000000d6780000)
 Metaspace       used 13380K, capacity 13604K, committed 13824K, reserved 1060864K
  class space    used 1596K, capacity 1683K, committed 1792K, reserved 1048576K
Event: 50.526 GC heap after
Heap after GC invocations=23 (full 3):
 PSYoungGen      total 295936K, used 96K [0x00000000ebe00000, 0x00000000fe400000, 0x0000000100000000)
  eden space 292864K, 0% used [0x00000000ebe00000,0x00000000ebe00000,0x00000000fdc00000)
  from space 3072K, 3% used [0x00000000fdf00000,0x00000000fdf18000,0x00000000fe200000)
  to   space 3072K, 0% used [0x00000000fdc00000,0x00000000fdc00000,0x00000000fdf00000)
 ParOldGen       total 308736K, used 166344K [0x00000000c3a00000, 0x00000000d6780000, 0x00000000ebe00000)
  object space 308736K, 53% used [0x00000000c3a00000,0x00000000cdc723e8,0x00000000d6780000)
 Metaspace       used 13380K, capacity 13604K, committed 13824K, reserved 1060864K
  class space    used 1596K, capacity 1683K, committed 1792K, reserved 1048576K
}

